This is pdfTeX, Version 3.14159265-2.6-1.40.16 (TeX Live 2015/Debian) (preloaded format=pdflatex 2017.3.3)  23 APR 2017 22:52
entering extended mode
 restricted \write18 enabled.
 %&-line parsing enabled.
**thesis.tex
(./thesis.tex
LaTeX2e <2016/02/01>
Babel <3.9q> and hyphenation patterns for 81 language(s) loaded.
(./aitthesis.cls
Document Class: aitthesis 2006/04/25 Asian Institute of Technology Thesis Class

(/usr/share/texlive/texmf-dist/tex/latex/base/report.cls
Document Class: report 2014/09/29 v1.4h Standard LaTeX document class
(/usr/share/texlive/texmf-dist/tex/latex/base/size12.clo
File: size12.clo 2014/09/29 v1.4h Standard LaTeX file (size option)
)
\c@part=\count79
\c@chapter=\count80
\c@section=\count81
\c@subsection=\count82
\c@subsubsection=\count83
\c@paragraph=\count84
\c@subparagraph=\count85
\c@figure=\count86
\c@table=\count87
\abovecaptionskip=\skip41
\belowcaptionskip=\skip42
\bibindent=\dimen102
) (./aitfont12.sty)
\descriptionmargin=\dimen103
\c@appendix=\count88
\c@sucount=\count89
\toddhack=\dimen104
\twoem=\dimen105
\zeroem=\dimen106
\fignumbox=\dimen107

(./aittitle.sty)
\c@lineno=\count90
\c@Lineno=\count91
)
(/usr/share/texlive/texmf-dist/tex/latex/graphics/graphicx.sty
Package: graphicx 2014/10/28 v1.0g Enhanced LaTeX Graphics (DPC,SPQR)

(/usr/share/texlive/texmf-dist/tex/latex/graphics/keyval.sty
Package: keyval 2014/10/28 v1.15 key=value parser (DPC)
\KV@toks@=\toks14
)
(/usr/share/texlive/texmf-dist/tex/latex/graphics/graphics.sty
Package: graphics 2016/01/03 v1.0q Standard LaTeX Graphics (DPC,SPQR)

(/usr/share/texlive/texmf-dist/tex/latex/graphics/trig.sty
Package: trig 2016/01/03 v1.10 sin cos tan (DPC)
)
(/usr/share/texlive/texmf-dist/tex/latex/latexconfig/graphics.cfg
File: graphics.cfg 2010/04/23 v1.9 graphics configuration of TeX Live
)
Package graphics Info: Driver file: pdftex.def on input line 95.

(/usr/share/texlive/texmf-dist/tex/latex/pdftex-def/pdftex.def
File: pdftex.def 2011/05/27 v0.06d Graphics/color for pdfTeX

(/usr/share/texlive/texmf-dist/tex/generic/oberdiek/infwarerr.sty
Package: infwarerr 2010/04/08 v1.3 Providing info/warning/error messages (HO)
)
(/usr/share/texlive/texmf-dist/tex/generic/oberdiek/ltxcmds.sty
Package: ltxcmds 2011/11/09 v1.22 LaTeX kernel commands for general use (HO)
)
\Gread@gobject=\count92
))
\Gin@req@height=\dimen108
\Gin@req@width=\dimen109
)
(/usr/share/texlive/texmf-dist/tex/latex/base/latexsym.sty
Package: latexsym 1998/08/17 v2.2e Standard LaTeX package (lasy symbols)
\symlasy=\mathgroup4
LaTeX Font Info:    Overwriting symbol font `lasy' in version `bold'
(Font)                  U/lasy/m/n --> U/lasy/b/n on input line 52.
)
(/usr/share/texlive/texmf-dist/tex/latex/amsfonts/amssymb.sty
Package: amssymb 2013/01/14 v3.01 AMS font symbols

(/usr/share/texlive/texmf-dist/tex/latex/amsfonts/amsfonts.sty
Package: amsfonts 2013/01/14 v3.01 Basic AMSFonts support
\@emptytoks=\toks15
\symAMSa=\mathgroup5
\symAMSb=\mathgroup6
LaTeX Font Info:    Overwriting math alphabet `\mathfrak' in version `bold'
(Font)                  U/euf/m/n --> U/euf/b/n on input line 106.
))
(/usr/share/texlive/texmf-dist/tex/latex/amscls/amsthm.sty
Package: amsthm 2015/03/04 v2.20.2
\thm@style=\toks16
\thm@bodyfont=\toks17
\thm@headfont=\toks18
\thm@notefont=\toks19
\thm@headpunct=\toks20
\thm@preskip=\skip43
\thm@postskip=\skip44
\thm@headsep=\skip45
\dth@everypar=\toks21
)
(/usr/share/texlive/texmf-dist/tex/latex/amsmath/amsmath.sty
Package: amsmath 2016/03/03 v2.15a AMS math features
\@mathmargin=\skip46

For additional information on amsmath, use the `?' option.
(/usr/share/texlive/texmf-dist/tex/latex/amsmath/amstext.sty
Package: amstext 2000/06/29 v2.01 AMS text

(/usr/share/texlive/texmf-dist/tex/latex/amsmath/amsgen.sty
File: amsgen.sty 1999/11/30 v2.0 generic functions
\@emptytoks=\toks22
\ex@=\dimen110
))
(/usr/share/texlive/texmf-dist/tex/latex/amsmath/amsbsy.sty
Package: amsbsy 1999/11/29 v1.2d Bold Symbols
\pmbraise@=\dimen111
)
(/usr/share/texlive/texmf-dist/tex/latex/amsmath/amsopn.sty
Package: amsopn 1999/12/14 v2.01 operator names
)
\inf@bad=\count93
LaTeX Info: Redefining \frac on input line 199.
\uproot@=\count94
\leftroot@=\count95
LaTeX Info: Redefining \overline on input line 297.
\classnum@=\count96
\DOTSCASE@=\count97
LaTeX Info: Redefining \ldots on input line 394.
LaTeX Info: Redefining \dots on input line 397.
LaTeX Info: Redefining \cdots on input line 518.
\Mathstrutbox@=\box26
\strutbox@=\box27
\big@size=\dimen112
LaTeX Font Info:    Redeclaring font encoding OML on input line 630.
LaTeX Font Info:    Redeclaring font encoding OMS on input line 631.
\macc@depth=\count98
\c@MaxMatrixCols=\count99
\dotsspace@=\muskip10
\c@parentequation=\count100
\dspbrk@lvl=\count101
\tag@help=\toks23
\row@=\count102
\column@=\count103
\maxfields@=\count104
\andhelp@=\toks24
\eqnshift@=\dimen113
\alignsep@=\dimen114
\tagshift@=\dimen115
\tagwidth@=\dimen116
\totwidth@=\dimen117
\lineht@=\dimen118
\@envbody=\toks25
\multlinegap=\skip47
\multlinetaggap=\skip48
\mathdisplay@stack=\toks26
LaTeX Info: Redefining \[ on input line 2735.
LaTeX Info: Redefining \] on input line 2736.
) (./apacite.sty
Package: apacite 2005/06/08 APA citation
\c@BibCnt=\count105
\bibleftmargin=\skip49
\bibindent=\skip50
\bibparsep=\skip51
\bibitemsep=\skip52
)
(/usr/share/texlive/texmf-dist/tex/latex/tools/verbatim.sty
Package: verbatim 2014/10/28 v1.5q LaTeX2e package for verbatim enhancements
\every@verbatim=\toks27
\verbatim@line=\toks28
\verbatim@in@stream=\read1
) (./multirow.sty
\bigstrutjot=\dimen119
)
(/usr/share/texlive/texmf-dist/tex/latex/tools/bm.sty
Package: bm 2014/10/28 v1.1c Bold Symbol Support (DPC/FMi)
\symboldoperators=\mathgroup7
\symboldletters=\mathgroup8
\symboldsymbols=\mathgroup9
\symboldlasy=\mathgroup10
LaTeX Font Info:    Redeclaring math alphabet \mathbf on input line 141.
LaTeX Info: Redefining \bm on input line 207.
)
(/usr/share/texlive/texmf-dist/tex/latex/url/url.sty
\Urlmuskip=\muskip11
Package: url 2013/09/16  ver 3.4  Verb mode for urls, etc.
) (./algorithm.sty
Package: algorithm 2009/08/24 v0.1 Document Style `algorithm' - floating enviro
nment

(/usr/share/texlive/texmf-dist/tex/latex/float/float.sty
Package: float 2001/11/08 v1.3d Float enhancements (AL)
\c@float@type=\count106
\float@exts=\toks29
\float@box=\box28
\@float@everytoks=\toks30
\@floatcapt=\box29
)
(/usr/share/texlive/texmf-dist/tex/latex/base/ifthen.sty
Package: ifthen 2014/09/29 v1.1c Standard LaTeX ifthen package (DPC)
)
\@float@every@algorithm=\toks31
\c@algorithm=\count107
) (./algcompatible.sty
Package: algcompatible 
(./algorithmicx.sty
Package: algorithmicx 2005/04/27 v1.2 Algorithmicx

Document Style algorithmicx 1.2 - a greatly improved `algorithmic' style
\c@ALG@line=\count108
\c@ALG@rem=\count109
\c@ALG@nested=\count110
\ALG@tlm=\skip53
\ALG@thistlm=\skip54
\c@ALG@Lnr=\count111
\c@ALG@blocknr=\count112
\c@ALG@storecount=\count113
\c@ALG@tmpcounter=\count114
\ALG@tmplength=\skip55
)
Document Style - algorithmic compatible environments for the `algorithmicx' sty
le
) (./placeins.sty
Package: placeins 2005/04/18  v 2.2
) (/usr/share/texlive/texmf-dist/tex/latex/psnfss/times.sty
Package: times 2005/04/12 PSNFSS-v9.2a (SPQR) 
)
(/usr/share/texlive/texmf-dist/tex/latex/tools/array.sty
Package: array 2014/10/28 v2.4c Tabular extension package (FMi)
\col@sep=\dimen120
\extrarowheight=\dimen121
\NC@list=\toks32
\extratabsurround=\skip56
\backup@length=\skip57
)
(/usr/share/texlive/texmf-dist/tex/latex/subfig/subfig.sty
Package: subfig 2005/06/28 ver: 1.3 subfig package


Package subfig Warning: Your document class has a bad definition
 of \endfigure, most likely
 \let\endfigure=\end@float
 which has now been changed to
 \def\endfigure{\end@float}
 because otherwise subsequent changes to \end@float
 (like done by several packages changing float behaviour)
 can't take effect on \endfigure.
 Please complain to your document class author.


Package subfig Warning: Your document class has a bad definition
 of \endtable, most likely
 \let\endtable=\end@float
 which has now been changed to
 \def\endtable{\end@float}
 because otherwise subsequent changes to \end@float
 (like done by several packages changing float behaviour)
 can't take effect on \endtable.
 Please complain to your document class author.

(/usr/share/texlive/texmf-dist/tex/latex/caption/caption3.sty
Package: caption3 2016/02/04 v1.7-139 caption3 kernel (AR)
Package caption3 Info: TeX engine: e-TeX on input line 67.
\captionmargin=\dimen122
\captionmargin@=\dimen123
\captionwidth=\dimen124
\caption@tempdima=\dimen125
\caption@indent=\dimen126
\caption@parindent=\dimen127
\caption@hangindent=\dimen128
Package caption Info: Unknown document class (or package),
(caption)             standard defaults will be used.
)
\c@KVtest=\count115
\sf@farskip=\skip58
\sf@captopadj=\dimen129
\sf@capskip=\skip59
\sf@nearskip=\skip60
\c@subfigure=\count116
\c@subfigure@save=\count117
\c@lofdepth=\count118
\c@subtable=\count119
\c@subtable@save=\count120
\c@lotdepth=\count121
\sf@top=\skip61
\sf@bottom=\skip62
)
(/usr/share/texlive/texmf-dist/tex/latex/oberdiek/pdflscape.sty
Package: pdflscape 2008/08/11 v0.10 Display of landscape pages in PDF (HO)

(/usr/share/texlive/texmf-dist/tex/latex/graphics/lscape.sty
Package: lscape 2000/10/22 v3.01 Landscape Pages (DPC)
)
(/usr/share/texlive/texmf-dist/tex/generic/oberdiek/ifpdf.sty
Package: ifpdf 2011/01/30 v2.3 Provides the ifpdf switch (HO)
Package ifpdf Info: pdfTeX in PDF mode is detected.
)
Package pdflscape Info: Auto-detected driver: pdftex on input line 80.

(/usr/share/texlive/texmf-dist/tex/generic/ifxetex/ifxetex.sty
Package: ifxetex 2010/09/12 v0.6 Provides ifxetex conditional
))
(/usr/share/texlive/texmf-dist/tex/latex/tabulary/tabulary.sty
Package: tabulary 2014/06/11 v0.10 tabulary package (DPC)
\TY@count=\count122
\TY@linewidth=\dimen130
\tymin=\dimen131
\tymax=\dimen132
\TY@tablewidth=\dimen133
)
(/usr/share/texlive/texmf-dist/tex/latex/base/inputenc.sty
Package: inputenc 2015/03/17 v1.2c Input encoding file
\inpenc@prehook=\toks33
\inpenc@posthook=\toks34

(/usr/share/texlive/texmf-dist/tex/latex/base/utf8.def
File: utf8.def 2015/12/03 v1.1r UTF-8 support for inputenc
Now handling font encoding OML ...
... no UTF-8 mapping file for font encoding OML
Now handling font encoding T1 ...
... processing UTF-8 mapping file for font encoding T1

(/usr/share/texlive/texmf-dist/tex/latex/base/t1enc.dfu
File: t1enc.dfu 2015/12/03 v1.1r UTF-8 support for inputenc
   defining Unicode char U+00A0 (decimal 160)
   defining Unicode char U+00A1 (decimal 161)
   defining Unicode char U+00A3 (decimal 163)
   defining Unicode char U+00AB (decimal 171)
   defining Unicode char U+00AD (decimal 173)
   defining Unicode char U+00BB (decimal 187)
   defining Unicode char U+00BF (decimal 191)
   defining Unicode char U+00C0 (decimal 192)
   defining Unicode char U+00C1 (decimal 193)
   defining Unicode char U+00C2 (decimal 194)
   defining Unicode char U+00C3 (decimal 195)
   defining Unicode char U+00C4 (decimal 196)
   defining Unicode char U+00C5 (decimal 197)
   defining Unicode char U+00C6 (decimal 198)
   defining Unicode char U+00C7 (decimal 199)
   defining Unicode char U+00C8 (decimal 200)
   defining Unicode char U+00C9 (decimal 201)
   defining Unicode char U+00CA (decimal 202)
   defining Unicode char U+00CB (decimal 203)
   defining Unicode char U+00CC (decimal 204)
   defining Unicode char U+00CD (decimal 205)
   defining Unicode char U+00CE (decimal 206)
   defining Unicode char U+00CF (decimal 207)
   defining Unicode char U+00D0 (decimal 208)
   defining Unicode char U+00D1 (decimal 209)
   defining Unicode char U+00D2 (decimal 210)
   defining Unicode char U+00D3 (decimal 211)
   defining Unicode char U+00D4 (decimal 212)
   defining Unicode char U+00D5 (decimal 213)
   defining Unicode char U+00D6 (decimal 214)
   defining Unicode char U+00D8 (decimal 216)
   defining Unicode char U+00D9 (decimal 217)
   defining Unicode char U+00DA (decimal 218)
   defining Unicode char U+00DB (decimal 219)
   defining Unicode char U+00DC (decimal 220)
   defining Unicode char U+00DD (decimal 221)
   defining Unicode char U+00DE (decimal 222)
   defining Unicode char U+00DF (decimal 223)
   defining Unicode char U+00E0 (decimal 224)
   defining Unicode char U+00E1 (decimal 225)
   defining Unicode char U+00E2 (decimal 226)
   defining Unicode char U+00E3 (decimal 227)
   defining Unicode char U+00E4 (decimal 228)
   defining Unicode char U+00E5 (decimal 229)
   defining Unicode char U+00E6 (decimal 230)
   defining Unicode char U+00E7 (decimal 231)
   defining Unicode char U+00E8 (decimal 232)
   defining Unicode char U+00E9 (decimal 233)
   defining Unicode char U+00EA (decimal 234)
   defining Unicode char U+00EB (decimal 235)
   defining Unicode char U+00EC (decimal 236)
   defining Unicode char U+00ED (decimal 237)
   defining Unicode char U+00EE (decimal 238)
   defining Unicode char U+00EF (decimal 239)
   defining Unicode char U+00F0 (decimal 240)
   defining Unicode char U+00F1 (decimal 241)
   defining Unicode char U+00F2 (decimal 242)
   defining Unicode char U+00F3 (decimal 243)
   defining Unicode char U+00F4 (decimal 244)
   defining Unicode char U+00F5 (decimal 245)
   defining Unicode char U+00F6 (decimal 246)
   defining Unicode char U+00F8 (decimal 248)
   defining Unicode char U+00F9 (decimal 249)
   defining Unicode char U+00FA (decimal 250)
   defining Unicode char U+00FB (decimal 251)
   defining Unicode char U+00FC (decimal 252)
   defining Unicode char U+00FD (decimal 253)
   defining Unicode char U+00FE (decimal 254)
   defining Unicode char U+00FF (decimal 255)
   defining Unicode char U+0100 (decimal 256)
   defining Unicode char U+0101 (decimal 257)
   defining Unicode char U+0102 (decimal 258)
   defining Unicode char U+0103 (decimal 259)
   defining Unicode char U+0104 (decimal 260)
   defining Unicode char U+0105 (decimal 261)
   defining Unicode char U+0106 (decimal 262)
   defining Unicode char U+0107 (decimal 263)
   defining Unicode char U+0108 (decimal 264)
   defining Unicode char U+0109 (decimal 265)
   defining Unicode char U+010A (decimal 266)
   defining Unicode char U+010B (decimal 267)
   defining Unicode char U+010C (decimal 268)
   defining Unicode char U+010D (decimal 269)
   defining Unicode char U+010E (decimal 270)
   defining Unicode char U+010F (decimal 271)
   defining Unicode char U+0110 (decimal 272)
   defining Unicode char U+0111 (decimal 273)
   defining Unicode char U+0112 (decimal 274)
   defining Unicode char U+0113 (decimal 275)
   defining Unicode char U+0114 (decimal 276)
   defining Unicode char U+0115 (decimal 277)
   defining Unicode char U+0116 (decimal 278)
   defining Unicode char U+0117 (decimal 279)
   defining Unicode char U+0118 (decimal 280)
   defining Unicode char U+0119 (decimal 281)
   defining Unicode char U+011A (decimal 282)
   defining Unicode char U+011B (decimal 283)
   defining Unicode char U+011C (decimal 284)
   defining Unicode char U+011D (decimal 285)
   defining Unicode char U+011E (decimal 286)
   defining Unicode char U+011F (decimal 287)
   defining Unicode char U+0120 (decimal 288)
   defining Unicode char U+0121 (decimal 289)
   defining Unicode char U+0122 (decimal 290)
   defining Unicode char U+0123 (decimal 291)
   defining Unicode char U+0124 (decimal 292)
   defining Unicode char U+0125 (decimal 293)
   defining Unicode char U+0128 (decimal 296)
   defining Unicode char U+0129 (decimal 297)
   defining Unicode char U+012A (decimal 298)
   defining Unicode char U+012B (decimal 299)
   defining Unicode char U+012C (decimal 300)
   defining Unicode char U+012D (decimal 301)
   defining Unicode char U+012E (decimal 302)
   defining Unicode char U+012F (decimal 303)
   defining Unicode char U+0130 (decimal 304)
   defining Unicode char U+0131 (decimal 305)
   defining Unicode char U+0132 (decimal 306)
   defining Unicode char U+0133 (decimal 307)
   defining Unicode char U+0134 (decimal 308)
   defining Unicode char U+0135 (decimal 309)
   defining Unicode char U+0136 (decimal 310)
   defining Unicode char U+0137 (decimal 311)
   defining Unicode char U+0139 (decimal 313)
   defining Unicode char U+013A (decimal 314)
   defining Unicode char U+013B (decimal 315)
   defining Unicode char U+013C (decimal 316)
   defining Unicode char U+013D (decimal 317)
   defining Unicode char U+013E (decimal 318)
   defining Unicode char U+0141 (decimal 321)
   defining Unicode char U+0142 (decimal 322)
   defining Unicode char U+0143 (decimal 323)
   defining Unicode char U+0144 (decimal 324)
   defining Unicode char U+0145 (decimal 325)
   defining Unicode char U+0146 (decimal 326)
   defining Unicode char U+0147 (decimal 327)
   defining Unicode char U+0148 (decimal 328)
   defining Unicode char U+014A (decimal 330)
   defining Unicode char U+014B (decimal 331)
   defining Unicode char U+014C (decimal 332)
   defining Unicode char U+014D (decimal 333)
   defining Unicode char U+014E (decimal 334)
   defining Unicode char U+014F (decimal 335)
   defining Unicode char U+0150 (decimal 336)
   defining Unicode char U+0151 (decimal 337)
   defining Unicode char U+0152 (decimal 338)
   defining Unicode char U+0153 (decimal 339)
   defining Unicode char U+0154 (decimal 340)
   defining Unicode char U+0155 (decimal 341)
   defining Unicode char U+0156 (decimal 342)
   defining Unicode char U+0157 (decimal 343)
   defining Unicode char U+0158 (decimal 344)
   defining Unicode char U+0159 (decimal 345)
   defining Unicode char U+015A (decimal 346)
   defining Unicode char U+015B (decimal 347)
   defining Unicode char U+015C (decimal 348)
   defining Unicode char U+015D (decimal 349)
   defining Unicode char U+015E (decimal 350)
   defining Unicode char U+015F (decimal 351)
   defining Unicode char U+0160 (decimal 352)
   defining Unicode char U+0161 (decimal 353)
   defining Unicode char U+0162 (decimal 354)
   defining Unicode char U+0163 (decimal 355)
   defining Unicode char U+0164 (decimal 356)
   defining Unicode char U+0165 (decimal 357)
   defining Unicode char U+0168 (decimal 360)
   defining Unicode char U+0169 (decimal 361)
   defining Unicode char U+016A (decimal 362)
   defining Unicode char U+016B (decimal 363)
   defining Unicode char U+016C (decimal 364)
   defining Unicode char U+016D (decimal 365)
   defining Unicode char U+016E (decimal 366)
   defining Unicode char U+016F (decimal 367)
   defining Unicode char U+0170 (decimal 368)
   defining Unicode char U+0171 (decimal 369)
   defining Unicode char U+0172 (decimal 370)
   defining Unicode char U+0173 (decimal 371)
   defining Unicode char U+0174 (decimal 372)
   defining Unicode char U+0175 (decimal 373)
   defining Unicode char U+0176 (decimal 374)
   defining Unicode char U+0177 (decimal 375)
   defining Unicode char U+0178 (decimal 376)
   defining Unicode char U+0179 (decimal 377)
   defining Unicode char U+017A (decimal 378)
   defining Unicode char U+017B (decimal 379)
   defining Unicode char U+017C (decimal 380)
   defining Unicode char U+017D (decimal 381)
   defining Unicode char U+017E (decimal 382)
   defining Unicode char U+01CD (decimal 461)
   defining Unicode char U+01CE (decimal 462)
   defining Unicode char U+01CF (decimal 463)
   defining Unicode char U+01D0 (decimal 464)
   defining Unicode char U+01D1 (decimal 465)
   defining Unicode char U+01D2 (decimal 466)
   defining Unicode char U+01D3 (decimal 467)
   defining Unicode char U+01D4 (decimal 468)
   defining Unicode char U+01E2 (decimal 482)
   defining Unicode char U+01E3 (decimal 483)
   defining Unicode char U+01E6 (decimal 486)
   defining Unicode char U+01E7 (decimal 487)
   defining Unicode char U+01E8 (decimal 488)
   defining Unicode char U+01E9 (decimal 489)
   defining Unicode char U+01EA (decimal 490)
   defining Unicode char U+01EB (decimal 491)
   defining Unicode char U+01F0 (decimal 496)
   defining Unicode char U+01F4 (decimal 500)
   defining Unicode char U+01F5 (decimal 501)
   defining Unicode char U+0218 (decimal 536)
   defining Unicode char U+0219 (decimal 537)
   defining Unicode char U+021A (decimal 538)
   defining Unicode char U+021B (decimal 539)
   defining Unicode char U+01E02 (decimal 7682)
   defining Unicode char U+01E03 (decimal 7683)
   defining Unicode char U+200C (decimal 8204)
   defining Unicode char U+2013 (decimal 8211)
   defining Unicode char U+2014 (decimal 8212)
   defining Unicode char U+2018 (decimal 8216)
   defining Unicode char U+2019 (decimal 8217)
   defining Unicode char U+201A (decimal 8218)
   defining Unicode char U+201C (decimal 8220)
   defining Unicode char U+201D (decimal 8221)
   defining Unicode char U+201E (decimal 8222)
   defining Unicode char U+2030 (decimal 8240)
   defining Unicode char U+2031 (decimal 8241)
   defining Unicode char U+2039 (decimal 8249)
   defining Unicode char U+203A (decimal 8250)
   defining Unicode char U+2423 (decimal 9251)
)
Now handling font encoding OT1 ...
... processing UTF-8 mapping file for font encoding OT1

(/usr/share/texlive/texmf-dist/tex/latex/base/ot1enc.dfu
File: ot1enc.dfu 2015/12/03 v1.1r UTF-8 support for inputenc
   defining Unicode char U+00A0 (decimal 160)
   defining Unicode char U+00A1 (decimal 161)
   defining Unicode char U+00A3 (decimal 163)
   defining Unicode char U+00AD (decimal 173)
   defining Unicode char U+00B8 (decimal 184)
   defining Unicode char U+00BF (decimal 191)
   defining Unicode char U+00C5 (decimal 197)
   defining Unicode char U+00C6 (decimal 198)
   defining Unicode char U+00D8 (decimal 216)
   defining Unicode char U+00DF (decimal 223)
   defining Unicode char U+00E6 (decimal 230)
   defining Unicode char U+00EC (decimal 236)
   defining Unicode char U+00ED (decimal 237)
   defining Unicode char U+00EE (decimal 238)
   defining Unicode char U+00EF (decimal 239)
   defining Unicode char U+00F8 (decimal 248)
   defining Unicode char U+0131 (decimal 305)
   defining Unicode char U+0141 (decimal 321)
   defining Unicode char U+0142 (decimal 322)
   defining Unicode char U+0152 (decimal 338)
   defining Unicode char U+0153 (decimal 339)
   defining Unicode char U+0174 (decimal 372)
   defining Unicode char U+0175 (decimal 373)
   defining Unicode char U+0176 (decimal 374)
   defining Unicode char U+0177 (decimal 375)
   defining Unicode char U+0218 (decimal 536)
   defining Unicode char U+0219 (decimal 537)
   defining Unicode char U+021A (decimal 538)
   defining Unicode char U+021B (decimal 539)
   defining Unicode char U+2013 (decimal 8211)
   defining Unicode char U+2014 (decimal 8212)
   defining Unicode char U+2018 (decimal 8216)
   defining Unicode char U+2019 (decimal 8217)
   defining Unicode char U+201C (decimal 8220)
   defining Unicode char U+201D (decimal 8221)
)
Now handling font encoding OMS ...
... processing UTF-8 mapping file for font encoding OMS

(/usr/share/texlive/texmf-dist/tex/latex/base/omsenc.dfu
File: omsenc.dfu 2015/12/03 v1.1r UTF-8 support for inputenc
   defining Unicode char U+00A7 (decimal 167)
   defining Unicode char U+00B6 (decimal 182)
   defining Unicode char U+00B7 (decimal 183)
   defining Unicode char U+2020 (decimal 8224)
   defining Unicode char U+2021 (decimal 8225)
   defining Unicode char U+2022 (decimal 8226)
)
Now handling font encoding OMX ...
... no UTF-8 mapping file for font encoding OMX
Now handling font encoding U ...
... no UTF-8 mapping file for font encoding U
   defining Unicode char U+00A9 (decimal 169)
   defining Unicode char U+00AA (decimal 170)
   defining Unicode char U+00AE (decimal 174)
   defining Unicode char U+00BA (decimal 186)
   defining Unicode char U+02C6 (decimal 710)
   defining Unicode char U+02DC (decimal 732)
   defining Unicode char U+200C (decimal 8204)
   defining Unicode char U+2026 (decimal 8230)
   defining Unicode char U+2122 (decimal 8482)
   defining Unicode char U+2423 (decimal 9251)
))
(/usr/share/texlive/texmf-dist/tex/latex/tools/longtable.sty
Package: longtable 2014/10/28 v4.11 Multi-page Table package (DPC)
\LTleft=\skip63
\LTright=\skip64
\LTpre=\skip65
\LTpost=\skip66
\LTchunksize=\count123
\LTcapwidth=\dimen134
\LT@head=\box30
\LT@firsthead=\box31
\LT@foot=\box32
\LT@lastfoot=\box33
\LT@cols=\count124
\LT@rows=\count125
\c@LT@tables=\count126
\c@LT@chunks=\count127
\LT@p@ftn=\toks35
)
(/usr/share/texlive/texmf-dist/tex/latex/seqsplit/seqsplit.sty
Package: seqsplit 2006/08/07 v0.1 Splitting long sequences (DNA, RNA, proteins,
 etc.) 
)
(/usr/share/texlive/texmf-dist/tex/latex/epigraph/epigraph.sty
Package: epigraph 2009/09/02 v1.5c typesetting epigraphs
\beforeepigraphskip=\skip67
\afterepigraphskip=\skip68
\epigraphwidth=\skip69
\epigraphrule=\skip70
)
(/usr/share/texlive/texmf-dist/tex/latex/dirtytalk/dirtytalk.sty
Package: dirtytalk 2010/11/21 A package making "quoting" easier

(/usr/share/texlive/texmf-dist/tex/latex/oberdiek/kvoptions.sty
Package: kvoptions 2011/06/30 v3.11 Key value format for package options (HO)

(/usr/share/texlive/texmf-dist/tex/generic/oberdiek/kvsetkeys.sty
Package: kvsetkeys 2012/04/25 v1.16 Key value parser (HO)

(/usr/share/texlive/texmf-dist/tex/generic/oberdiek/etexcmds.sty
Package: etexcmds 2011/02/16 v1.5 Avoid name clashes with e-TeX commands (HO)

(/usr/share/texlive/texmf-dist/tex/generic/oberdiek/ifluatex.sty
Package: ifluatex 2010/03/01 v1.3 Provides the ifluatex switch (HO)
Package ifluatex Info: LuaTeX not detected.
)
Package etexcmds Info: Could not find \expanded.
(etexcmds)             That can mean that you are not using pdfTeX 1.50 or
(etexcmds)             that some package has redefined \expanded.
(etexcmds)             In the latter case, load this package earlier.
)))
\c@dirtytalk@qdepth=\count128
)
(/usr/share/texlive/texmf-dist/tex/latex/adjustbox/adjustbox.sty
Package: adjustbox 2012/05/21 v1.0 Adjusting TeX boxes (trim, clip, ...)

(/usr/share/texlive/texmf-dist/tex/latex/xkeyval/xkeyval.sty
Package: xkeyval 2014/12/03 v2.7a package option processing (HA)

(/usr/share/texlive/texmf-dist/tex/generic/xkeyval/xkeyval.tex
(/usr/share/texlive/texmf-dist/tex/generic/xkeyval/xkvutils.tex
\XKV@toks=\toks36
\XKV@tempa@toks=\toks37
)
\XKV@depth=\count129
File: xkeyval.tex 2014/12/03 v2.7a key=value parser (HA)
))
(/usr/share/texlive/texmf-dist/tex/latex/adjustbox/adjcalc.sty
Package: adjcalc 2012/05/16 v1.1 Provides advanced setlength with multiple back
-ends (calc, etex, pgfmath)
)
(/usr/share/texlive/texmf-dist/tex/latex/adjustbox/trimclip.sty
Package: trimclip 2012/05/16 v1.0 Trim and clip general TeX material

(/usr/share/texlive/texmf-dist/tex/latex/collectbox/collectbox.sty
Package: collectbox 2012/05/17 v0.4b Collect macro arguments as boxes
\collectedbox=\box34
)
\tc@llx=\dimen135
\tc@lly=\dimen136
\tc@urx=\dimen137
\tc@ury=\dimen138
Package trimclip Info: Using driver 'tc-pdftex.def'.

(/usr/share/texlive/texmf-dist/tex/latex/adjustbox/tc-pdftex.def
File: tc-pdftex.def 2012/05/13 v1.0 Clipping driver for pdftex
))
\adjbox@Width=\dimen139
\adjbox@Height=\dimen140
\adjbox@Depth=\dimen141
\adjbox@Totalheight=\dimen142

(/usr/share/texlive/texmf-dist/tex/latex/ifoddpage/ifoddpage.sty
Package: ifoddpage 2011/09/13 v1.0 Conditionals for odd/even page detection
\c@checkoddpage=\count130
)
(/usr/share/texlive/texmf-dist/tex/latex/varwidth/varwidth.sty
Package: varwidth 2009/03/30 ver 0.92;  Variable-width minipages
\@vwid@box=\box35
\sift@deathcycles=\count131
\@vwid@loff=\dimen143
\@vwid@roff=\dimen144
))
(/usr/share/texlive/texmf-dist/tex/latex/enumitem/enumitem.sty
Package: enumitem 2011/09/28 v3.5.2 Customized lists
\labelindent=\skip71
\enit@outerparindent=\dimen145
\enit@toks=\toks38
\enit@inbox=\box36
\enitdp@description=\count132
) (./thesis.aux
(./frontstuff.aux) (./intro.aux) (./literature.aux) (./methodology.aux))
\openout1 = `thesis.aux'.

LaTeX Font Info:    Checking defaults for OML/cmm/m/it on input line 57.
LaTeX Font Info:    ... okay on input line 57.
LaTeX Font Info:    Checking defaults for T1/cmr/m/n on input line 57.
LaTeX Font Info:    ... okay on input line 57.
LaTeX Font Info:    Checking defaults for OT1/cmr/m/n on input line 57.
LaTeX Font Info:    ... okay on input line 57.
LaTeX Font Info:    Checking defaults for OMS/cmsy/m/n on input line 57.
LaTeX Font Info:    ... okay on input line 57.
LaTeX Font Info:    Checking defaults for OMX/cmex/m/n on input line 57.
LaTeX Font Info:    ... okay on input line 57.
LaTeX Font Info:    Checking defaults for U/cmr/m/n on input line 57.
LaTeX Font Info:    ... okay on input line 57.
LaTeX Font Info:    Try loading font information for OT1+ptm on input line 57.

(/usr/share/texlive/texmf-dist/tex/latex/psnfss/ot1ptm.fd
File: ot1ptm.fd 2001/06/04 font definitions for OT1/ptm.
)
(/usr/share/texlive/texmf-dist/tex/context/base/supp-pdf.mkii
[Loading MPS to PDF converter (version 2006.09.02).]
\scratchcounter=\count133
\scratchdimen=\dimen146
\scratchbox=\box37
\nofMPsegments=\count134
\nofMParguments=\count135
\everyMPshowfont=\toks39
\MPscratchCnt=\count136
\MPscratchDim=\dimen147
\MPnumerator=\count137
\makeMPintoPDFobject=\count138
\everyMPtoPDFconversion=\toks40
) (/usr/share/texlive/texmf-dist/tex/generic/oberdiek/pdftexcmds.sty
Package: pdftexcmds 2011/11/29 v0.20 Utility functions of pdfTeX for LuaTeX (HO
)
Package pdftexcmds Info: LuaTeX not detected.
Package pdftexcmds Info: \pdf@primitive is available.
Package pdftexcmds Info: \pdf@ifprimitive is available.
Package pdftexcmds Info: \pdfdraftmode found.
)
(/usr/share/texlive/texmf-dist/tex/latex/oberdiek/epstopdf-base.sty
Package: epstopdf-base 2010/02/09 v2.5 Base part for package epstopdf

(/usr/share/texlive/texmf-dist/tex/latex/oberdiek/grfext.sty
Package: grfext 2010/08/19 v1.1 Manage graphics extensions (HO)

(/usr/share/texlive/texmf-dist/tex/generic/oberdiek/kvdefinekeys.sty
Package: kvdefinekeys 2011/04/07 v1.3 Define keys (HO)
))
Package grfext Info: Graphics extension search list:
(grfext)             [.png,.pdf,.jpg,.mps,.jpeg,.jbig2,.jb2,.PNG,.PDF,.JPG,.JPE
G,.JBIG2,.JB2,.eps]
(grfext)             \AppendGraphicsExtensions on input line 452.

(/usr/share/texlive/texmf-dist/tex/latex/latexconfig/epstopdf-sys.cfg
File: epstopdf-sys.cfg 2010/07/13 v1.3 Configuration of (r)epstopdf for TeX Liv
e
))
(./english.apc
File: english.apc 2007/09/03 v4.00 apacite language file
)
Package caption Info: Begin \AtBeginDocument code.
Package caption Info: subfig package v1.3 is loaded.
Package caption Info: End \AtBeginDocument code.
\openout2 = `frontstuff.aux'.

 (./frontstuff.tex
LaTeX Font Info:    Font shape `OT1/ptm/bx/n' in size <12> not available
(Font)              Font shape `OT1/ptm/b/n' tried instead on input line 19.
LaTeX Font Info:    Try loading font information for U+lasy on input line 24.

(/usr/share/texlive/texmf-dist/tex/latex/base/ulasy.fd
File: ulasy.fd 1998/08/17 v2.2e LaTeX symbol font definitions
)
LaTeX Font Info:    Try loading font information for U+msa on input line 24.

(/usr/share/texlive/texmf-dist/tex/latex/amsfonts/umsa.fd
File: umsa.fd 2013/01/14 v3.01 AMS symbols A
)
LaTeX Font Info:    Try loading font information for U+msb on input line 24.

(/usr/share/texlive/texmf-dist/tex/latex/amsfonts/umsb.fd
File: umsb.fd 2013/01/14 v3.01 AMS symbols B
)
LaTeX Font Info:    Font shape `U/lasy/b/n' in size <8> not available
(Font)              Font shape `U/lasy/m/n' tried instead on input line 24.
LaTeX Font Info:    Font shape `U/lasy/b/n' in size <6> not available
(Font)              Font shape `U/lasy/m/n' tried instead on input line 24.
 [1



{/var/lib/texmf/fonts/map/pdftex/updmap/pdftex.map}]
LaTeX Font Info:    Font shape `OT1/ptm/bx/n' in size <14.4> not available
(Font)              Font shape `OT1/ptm/b/n' tried instead on input line 129.
 (./thesis.toc
Underfull \hbox (badness 10000) in paragraph at lines 129--1

 []

)
\tf@toc=\write3
\openout3 = `thesis.toc'.

 [2

] (./thesis.lof)
\tf@lof=\write4
\openout4 = `thesis.lof'.

 [3

] (./thesis.lot)
\tf@lot=\write5
\openout5 = `thesis.lot'.

) [4

]
\openout2 = `intro.aux'.

 (./intro.tex
\relax \fontsize {14.4}{15}\selectfont {Chapter} 1.

Underfull \hbox (badness 10000) in paragraph at lines 8--17

 []


Underfull \hbox (badness 10000) in paragraph at lines 8--17

 []


Underfull \hbox (badness 10000) in paragraph at lines 8--17

 []


Overfull \hbox (11.31548pt too wide) in paragraph at lines 23--23
[]|\OT1/ptm/m/n/12 Operators|  
 []


Overfull \hbox (22.6503pt too wide) in paragraph at lines 20--31
[] [] 
 []

LaTeX Font Info:    Font shape `OT1/ptm/bx/n' in size <10.95> not available
(Font)              Font shape `OT1/ptm/b/n' tried instead on input line 31.
[1



]
Underfull \hbox (badness 10000) in paragraph at lines 35--39

 []

[2]) [3]
\openout2 = `literature.aux'.

 (./literature.tex
\relax \fontsize {14.4}{15}\selectfont {Chapter} 2.

Underfull \hbox (badness 10000) in paragraph at lines 13--14

 []

[4



] <figures/kylin_diagram.png, id=31, 1492.6164pt x 728.9634pt>
File: figures/kylin_diagram.png Graphic file (type png)

<use figures/kylin_diagram.png>
Package pdftex.def Info: figures/kylin_diagram.png used on input line 21.
(pdftex.def)             Requested size: 440.84186pt x 256.07535pt.

Underfull \hbox (badness 10000) in paragraph at lines 35--40

 []

[5 <./figures/kylin_diagram.png>]
<figures/example_decisiontree.png, id=37, 445.665pt x 311.1625pt>
File: figures/example_decisiontree.png Graphic file (type png)

<use figures/example_decisiontree.png>
Package pdftex.def Info: figures/example_decisiontree.png used on input line 48
.
(pdftex.def)             Requested size: 289.67882pt x 202.25322pt.

Underfull \hbox (badness 10000) in paragraph at lines 56--58

 []

[6 <./figures/example_decisiontree.png>]
<figures/neural_net2.jpeg, id=43, 793.96625pt x 389.455pt>
File: figures/neural_net2.jpeg Graphic file (type jpg)

<use figures/neural_net2.jpeg>
Package pdftex.def Info: figures/neural_net2.jpeg used on input line 60.
(pdftex.def)             Requested size: 396.98215pt x 194.72702pt.
 [7 <./figures/neural_net2.jpeg>]
<figures/Kohonen.png, id=47, 445.665pt x 311.1625pt>
File: figures/Kohonen.png Graphic file (type png)
 <use figures/Kohonen.png>
Package pdftex.def Info: figures/Kohonen.png used on input line 77.
(pdftex.def)             Requested size: 445.66391pt x 311.16174pt.

Overfull \hbox (4.81648pt too wide) in paragraph at lines 77--79
 [][] 
 []

[8 <./figures/Kohonen.png>]
<figures/selectionofdatamining.jpeg, id=51, 594.22pt x 444.66125pt>
File: figures/selectionofdatamining.jpeg Graphic file (type jpg)

<use figures/selectionofdatamining.jpeg>
Package pdftex.def Info: figures/selectionofdatamining.jpeg used on input line 
89.
(pdftex.def)             Requested size: 440.86743pt x 284.52794pt.

<figures/scikitlearn.png, id=52, 3651.35571pt x 2276.505pt>
File: figures/scikitlearn.png Graphic file (type png)

<use figures/scikitlearn.png>
Package pdftex.def Info: figures/scikitlearn.png used on input line 98.
(pdftex.def)             Requested size: 440.81812pt x 341.42628pt.
 [9 <./figures/selectionofdatamining.jpeg>]
[10 <./figures/scikitlearn.png>]
<figures/predictionioeventsever.png, id=61, 1022.82124pt x 715.67375pt>
File: figures/predictionioeventsever.png Graphic file (type png)

<use figures/predictionioeventsever.png>
Package pdftex.def Info: figures/predictionioeventsever.png used on input line 
127.
(pdftex.def)             Requested size: 306.84874pt x 214.70378pt.

<figures/shinyscaling.png, id=62, 1927.2pt x 1084.05pt>
File: figures/shinyscaling.png Graphic file (type png)

<use figures/shinyscaling.png>
Package pdftex.def Info: figures/shinyscaling.png used on input line 134.
(pdftex.def)             Requested size: 440.83534pt x 284.52603pt.
 [11 <./figures/predictionioeventsever.png>]
[12 <./figures/shinyscaling.png>] [13]
LaTeX Font Info:    Font shape `OT1/ptm/bx/it' in size <10.95> not available
(Font)              Font shape `OT1/ptm/b/it' tried instead on input line 175.

<figures/confusionmatrix.png, id=74, 241.90375pt x 213.79875pt>
File: figures/confusionmatrix.png Graphic file (type png)

<use figures/confusionmatrix.png>
Package pdftex.def Info: figures/confusionmatrix.png used on input line 193.
(pdftex.def)             Requested size: 169.33147pt x 149.6581pt.
 [14 <./figures/confusionmatrix.png>]
Overfull \hbox (10.95503pt too wide) in paragraph at lines 214--216
[]\OT1/ptm/m/n/10.95 In the study ``A com-par-i-son of ma-chine learn-ing tech-
niques for cus-tomer churn pre-dic-tion'' by  (Vafeiadis
 []

[15]
Overfull \hbox (40.38658pt too wide) in alignment at lines 222--228
 [] [] [] [] [] [] 
 []


Overfull \hbox (40.38658pt too wide) in alignment at lines 228--233
 [] [] [] [] [] [] 
 []


Overfull \hbox (40.38658pt too wide) in alignment at lines 233--235
 [] [] [] [] [] [] 
 []


Overfull \hbox (40.38658pt too wide) in alignment at lines 235--237
 [] [] [] [] [] [] 
 []


Underfull \hbox (badness 1881) in paragraph at lines 241--242
[]|\OT1/ptm/m/n/10.95 Modeling & Sim-u-la-
 []


Underfull \hbox (badness 3954) in paragraph at lines 241--242
\OT1/ptm/m/n/10.95 tion of a Pre-dic-tive
 []


Underfull \hbox (badness 10000) in paragraph at lines 241--242
\OT1/ptm/m/n/10.95 Cus-tomer Churn
 []


Underfull \hbox (badness 4832) in paragraph at lines 241--242
\OT1/ptm/m/n/10.95 Model for Telecom-
 []


Underfull \hbox (badness 10000) in paragraph at lines 241--242
\OT1/ptm/m/n/10.95 mu-ni-ca-tion In-dus-try
 []


Underfull \hbox (badness 3354) in paragraph at lines 243--244
\OT1/ptm/m/n/10.95 in-fer-ence sys-tem for
 []


Underfull \hbox (badness 10000) in paragraph at lines 243--244
\OT1/ptm/m/n/10.95 pre-dic-tion em-u-la-tion
 []


Underfull \hbox (badness 10000) in paragraph at lines 243--244
\OT1/ptm/m/n/10.95 of cus-tomer churn
 []


Underfull \hbox (badness 10000) in paragraph at lines 243--244
\OT1/ptm/m/n/10.95 Neu-ral net-work +
 []


Underfull \hbox (badness 10000) in paragraph at lines 249--252
\OT1/ptm/m/n/10.95 are very im-por-tant.
 []


Underfull \hbox (badness 5771) in paragraph at lines 249--252
\OT1/ptm/m/n/10.95 To-tal no of minute
 []


Underfull \hbox (badness 3758) in paragraph at lines 249--252
\OT1/ptm/m/n/10.95 ser-vice calls, no of
 []


Underfull \hbox (badness 1533) in paragraph at lines 249--252
\OT1/ptm/m/n/10.95 80.86% re-call 92.7%
 []


Underfull \hbox (badness 10000) in paragraph at lines 257--258
[]|\OT1/ptm/m/n/10.95 A Hy-brid Churn
 []


Underfull \hbox (badness 5374) in paragraph at lines 257--258
\OT1/ptm/m/n/10.95 Pre-dic-tion Model in
 []


Underfull \hbox (badness 10000) in paragraph at lines 259--260
[]|\OT1/ptm/m/n/10.95 A model com-bined
 []


Underfull \hbox (badness 2828) in paragraph at lines 259--260
\OT1/ptm/m/n/10.95 with Vot-ed-Per-cep-tron
 []


Underfull \hbox (badness 7379) in paragraph at lines 259--260
\OT1/ptm/m/n/10.95 and Lo-gisti Re-gres-
 []


Underfull \hbox (badness 7151) in paragraph at lines 259--260
\OT1/ptm/m/n/10.95 sion is per-for-mance
 []


Underfull \hbox (badness 10000) in paragraph at lines 269--270
[]|\OT1/ptm/m/n/10.95 A com-par-i-son of
 []


Underfull \hbox (badness 10000) in paragraph at lines 269--270
\OT1/ptm/m/n/10.95 ma-chine learn-ing
 []


Underfull \hbox (badness 10000) in paragraph at lines 269--270
\OT1/ptm/m/n/10.95 tech-niques for cus-
 []


Underfull \hbox (badness 10000) in paragraph at lines 271--272
[]|\OT1/ptm/m/n/10.95 The nor-mal model
 []


Underfull \hbox (badness 10000) in paragraph at lines 271--272
\OT1/ptm/m/n/10.95 func-tions were per-
 []


Underfull \hbox (badness 10000) in paragraph at lines 271--272
\OT1/ptm/m/n/10.95 for-mance com-pared
 []


Underfull \hbox (badness 2142) in paragraph at lines 273--276
[]|\OT1/ptm/b/n/10.95 Data : \OT1/ptm/m/n/10.95 pub-licly hosted churn
 []


Underfull \hbox (badness 2057) in paragraph at lines 273--276
\OT1/ptm/m/n/10.95 niques of Back-Propagation al-
 []


Underfull \hbox (badness 2393) in paragraph at lines 273--276
\OT1/ptm/m/n/10.95 go-rithm , Sup-port Vec-tor Ma-
 []


Underfull \hbox (badness 4048) in paragraph at lines 273--276
\OT1/ptm/m/n/10.95 chines, De-ci-sion Trees, Naive
 []


Underfull \hbox (badness 2717) in paragraph at lines 273--276
\OT1/ptm/m/n/10.95 Bayes and Lo-gis-tic Re-gres-sion
 []


Underfull \hbox (badness 6204) in paragraph at lines 277--278
[]|\OT1/ptm/m/n/10.95 2 pre-dic-tion mod-els
 []


Underfull \hbox (badness 1484) in paragraph at lines 277--278
\OT1/ptm/m/n/10.95 per-formed the best :
 []


Underfull \hbox (badness 3635) in paragraph at lines 277--278
\OT1/ptm/m/n/10.95 ci-sion tree clas-si-fier.
 []


Underfull \hbox (badness 1968) in paragraph at lines 277--278
\OT1/ptm/m/n/10.95 ca-tion of the Boost-
 []


Underfull \hbox (badness 5504) in paragraph at lines 277--278
\OT1/ptm/m/n/10.95 ing algo, SVM re-
 []


Underfull \hbox (badness 3838) in paragraph at lines 283--284
\OT1/ptm/m/n/10.95 churn pre-dic-tion: a
 []


Underfull \hbox (badness 10000) in paragraph at lines 285--288
\OT1/ptm/m/n/10.95 churn rate of 1.5
 []


Underfull \hbox (badness 10000) in paragraph at lines 285--288
\OT1/ptm/m/n/10.95 { 2Neu-ral net-work
 []


Underfull \hbox (badness 1715) in paragraph at lines 285--288
\OT1/ptm/m/n/10.95 re-quires a long time
 []


Underfull \hbox (badness 5388) in paragraph at lines 285--288
\OT1/ptm/m/n/10.95 due to it's it-er-a-tive
 []


Underfull \hbox (badness 10000) in paragraph at lines 285--288
\OT1/ptm/m/n/10.95 class dis-tri-bu-tion
 []


Underfull \hbox (badness 10000) in paragraph at lines 293--294
[]|\OT1/ptm/m/n/10.95 Churn pre-dic-tion is
 []


Underfull \hbox (badness 10000) in paragraph at lines 293--294
\OT1/ptm/m/n/10.95 1 month du-ra-tion.
 []


Underfull \hbox (badness 7468) in paragraph at lines 293--294
\OT1/ptm/m/n/10.95 Multi clas-si-fier per-
 []


Underfull \hbox (badness 10000) in paragraph at lines 293--294
\OT1/ptm/m/n/10.95 forms bet-ter than
 []


Underfull \hbox (badness 1043) in paragraph at lines 295--296
\OT1/ptm/m/n/10.95 of em-pir-i-cal stats be-tween cus-
 []


Underfull \hbox (badness 1354) in paragraph at lines 295--296
\OT1/ptm/m/n/10.95 warehouse for con-stantly learn-
 []


Underfull \hbox (badness 1184) in paragraph at lines 295--296
\OT1/ptm/m/n/10.95 search with other in-dus-try data
 []


Underfull \hbox (badness 10000) in paragraph at lines 299--300
\OT1/ptm/m/n/10.95 Min-ing to Tele-com
 []


Underfull \hbox (badness 10000) in paragraph at lines 299--300
\OT1/ptm/m/n/10.95 Churn Man-age-ment
 []


Underfull \hbox (badness 10000) in paragraph at lines 301--302
\OT1/ptm/m/n/10.95 ef-fec-tive mar-ket-ing
 []


Underfull \hbox (badness 1796) in paragraph at lines 301--302
\OT1/ptm/m/n/10.95 re-ten-tion, by an-a-lyz-
 []


Underfull \hbox (badness 1715) in paragraph at lines 301--302
\OT1/ptm/m/n/10.95 ing the re-sponses of
 []


Underfull \hbox (badness 3271) in paragraph at lines 307--309
[]|\OT1/ptm/m/n/10.95 Using fuzzy set the
 []


Underfull \hbox (badness 10000) in paragraph at lines 307--309
\OT1/ptm/m/n/10.95 cus-tomer re-ten-tion
 []


Underfull \hbox (badness 7308) in paragraph at lines 307--309
\OT1/ptm/m/n/10.95 via tele-mar-ket-ing is
 []


Underfull \hbox (badness 4779) in paragraph at lines 307--309
\OT1/ptm/m/n/10.95 more ef-fec-tive com-
 []


Underfull \hbox (badness 10000) in paragraph at lines 307--309
\OT1/ptm/m/n/10.95 pared with Di-rect
 []


Underfull \hbox (badness 10000) in paragraph at lines 307--309
\OT1/ptm/m/n/10.95 mar-ket-ing tech-nique
 []


Underfull \hbox (badness 3271) in paragraph at lines 307--309
\OT1/ptm/m/n/10.95 is bet-ter than di-rect
 []


Underfull \hbox (badness 10000) in paragraph at lines 314--315
[]|\OT1/ptm/m/n/10.95 Customer churn
 []


Underfull \hbox (badness 10000) in paragraph at lines 314--315
\OT1/ptm/m/n/10.95 pre-dic-tion us-ing
 []


Underfull \hbox (badness 10000) in paragraph at lines 314--315
\OT1/ptm/m/n/10.95 im-proved bal-anced
 []


Underfull \hbox (badness 10000) in paragraph at lines 316--317
[]|\OT1/ptm/m/n/10.95 a novel learn-ing
 []


Underfull \hbox (badness 10000) in paragraph at lines 316--317
\OT1/ptm/m/n/10.95 method, called im-
 []


Underfull \hbox (badness 1389) in paragraph at lines 316--317
\OT1/ptm/m/n/10.95 proved bal-anced ran-
 []


Underfull \hbox (badness 4279) in paragraph at lines 316--317
\OT1/ptm/m/n/10.95 dom forests (IBRF),
 []


Underfull \hbox (badness 10000) in paragraph at lines 316--317
\OT1/ptm/m/n/10.95 and demon-strate its
 []


Underfull \hbox (badness 5388) in paragraph at lines 316--317
\OT1/ptm/m/n/10.95 ap-pli-ca-tion to churn
 []


Underfull \hbox (badness 3547) in paragraph at lines 324--327
\OML/cmm/m/it/10.95 CWC \OMS/cmsy/m/n/10.95 ^^@ \OML/cmm/m/it/10.95 SVM >
 []


Underfull \hbox (badness 10000) in paragraph at lines 324--327
\OT1/ptm/m/n/10.95 decile Lift varies
 []


Underfull \hbox (badness 7362) in paragraph at lines 324--327
\OT1/ptm/m/n/10.95 as this $\OML/cmm/m/it/10.95 IBRF >
 []


Underfull \hbox (badness 3417) in paragraph at lines 324--327
\OML/cmm/m/it/10.95 CWV \OMS/cmsy/m/n/10.95 ^^@ \OML/cmm/m/it/10.95 SVM >
 []


Underfull \hbox (badness 2088) in paragraph at lines 324--327
\OT1/ptm/m/n/10.95 of-fers great po-ten-tial
 []


Underfull \hbox (badness 10000) in paragraph at lines 324--327
\OT1/ptm/m/n/10.95 com-pared to tra-di-
 []


Underfull \hbox (badness 10000) in paragraph at lines 324--327
\OT1/ptm/m/n/10.95 faster train-ing and
 []


Underfull \hbox (badness 1308) in paragraph at lines 328--329
[]|\OT1/ptm/m/n/10.95 Experimenting with some other
 []


Underfull \hbox (badness 8113) in paragraph at lines 332--333
[]|\OT1/ptm/m/n/10.95 Churn pre-dic-tion in
 []


Underfull \hbox (badness 3579) in paragraph at lines 332--333
\OT1/ptm/m/n/10.95 sub-scrip-tion ser-vices:
 []


Underfull \hbox (badness 1622) in paragraph at lines 332--333
\OT1/ptm/m/n/10.95 port vec-tor ma-chines
 []


Underfull \hbox (badness 10000) in paragraph at lines 332--333
\OT1/ptm/m/n/10.95 parameter-selection
 []


Underfull \hbox (badness 1895) in paragraph at lines 332--333
\OT1/ptm/m/n/10.95 tech-niques  (Cousse-
 []


Underfull \hbox (badness 2941) in paragraph at lines 334--335
\OT1/ptm/m/n/10.95 Logit re-gres-sion and
 []


Underfull \hbox (badness 1400) in paragraph at lines 336--340
\OT1/ptm/m/n/10.95 lish-ing com-pany. Train-ing set
 []


Underfull \hbox (badness 10000) in paragraph at lines 341--342
[]|\OT1/ptm/m/n/10.95 SVM trained on
 []


Underfull \hbox (badness 10000) in paragraph at lines 341--342
\OT1/ptm/m/n/10.95 bal-anced dis-tri-bu-
 []


Underfull \hbox (badness 10000) in paragraph at lines 341--342
\OT1/ptm/m/n/10.95 tion, out-per-forms
 []


Underfull \hbox (badness 10000) in paragraph at lines 341--342
\OT1/ptm/m/n/10.95 pa-ram-e-ter se-lec-tion
 []


Underfull \hbox (badness 10000) in paragraph at lines 341--342
\OT1/ptm/m/n/10.95 ap-plied. Ran-dom
 []


Underfull \hbox (badness 3635) in paragraph at lines 341--342
\OT1/ptm/m/n/10.95 for-est sur-pass SVM.
 []


Underfull \hbox (badness 10000) in paragraph at lines 341--342
\OT1/ptm/m/n/10.95 tion-erx don't need
 []


Underfull \hbox (badness 10000) in paragraph at lines 341--342
\OT1/ptm/m/n/10.95 pa-ram-e-ter se-lec-tion
 []


Underfull \hbox (badness 10000) in paragraph at lines 341--342
\OT1/ptm/m/n/10.95 for-est of-fer bet-ter
 []


Underfull \hbox (badness 3058) in paragraph at lines 343--344
\OT1/ptm/m/n/10.95 to choose ker-nel func-tion and
 []


Underfull \hbox (badness 2318) in paragraph at lines 347--348
[]|\OT1/ptm/m/n/10.95 Customer churn pre-
 []


Underfull \hbox (badness 1365) in paragraph at lines 349--350
[]|\OT1/ptm/m/n/10.95 Very few stud-ies for
 []


Underfull \hbox (badness 1430) in paragraph at lines 351--354
\OT1/ptm/m/n/10.95 and com-pared for per-for-mance.
 []


Underfull \hbox (badness 2799) in paragraph at lines 355--359
[]|\OT1/ptm/m/n/10.95 Baseline ANN mod-
 []


Underfull \hbox (badness 10000) in paragraph at lines 355--359
\OT1/ptm/m/n/10.95 els had pre-dic-
 []


Underfull \hbox (badness 10000) in paragraph at lines 355--359
\OT1/ptm/m/n/10.95 tion ac-cu-racy of
 []


Underfull \hbox (badness 10000) in paragraph at lines 355--359
\OT1/ptm/m/n/10.95 88% per-for-mance :
 []


Underfull \hbox (badness 3954) in paragraph at lines 355--359
\OML/cmm/m/it/10.95 ANN \OT1/cmr/m/n/10.95 + \OML/cmm/m/it/10.95 ANN >
 []


Underfull \hbox (badness 2600) in paragraph at lines 355--359
\OT1/cmr/m/n/10.95 3 \OMS/cmsy/m/n/10.95 ^^C \OT1/cmr/m/n/10.95 3$ \OT1/ptm/m/n
/10.95 SOM is best
 []


Underfull \hbox (badness 1092) in paragraph at lines 355--359
\OT1/ptm/m/n/10.95 the hy-brid mod-els is
 []


Underfull \hbox (badness 4205) in paragraph at lines 355--359
\OML/cmm/m/it/10.95 SOM \OT1/cmr/m/n/10.95 + \OML/cmm/m/it/10.95 ANN >
 []


Underfull \hbox (badness 1496) in paragraph at lines 360--361
\OT1/ptm/m/n/10.95 duc-tion or Fea-ture se-lec-tion of
 []


Underfull \hbox (badness 10000) in paragraph at lines 364--365
[]|\OT1/ptm/m/n/10.95 Predicting cus-tomer
 []


Underfull \hbox (badness 10000) in paragraph at lines 364--365
\OT1/ptm/m/n/10.95 re-ten-tion and prof-
 []


Underfull \hbox (badness 10000) in paragraph at lines 364--365
\OT1/ptm/m/n/10.95 itabil-ity by us-ing
 []


Underfull \hbox (badness 10000) in paragraph at lines 364--365
\OT1/ptm/m/n/10.95 ran-dom for-est and
 []


Underfull \hbox (badness 10000) in paragraph at lines 364--365
\OT1/ptm/m/n/10.95 re-gres-sion for-est
 []


Underfull \hbox (badness 10000) in paragraph at lines 364--365
\OT1/ptm/m/n/10.95 (Lar-ivi[]ere & Poel,
 []


Underfull \hbox (badness 5403) in paragraph at lines 366--367
[]|\OT1/ptm/m/n/10.95 The pa-per dis-cusses
 []


Underfull \hbox (badness 1910) in paragraph at lines 368--371
\OT1/ptm/m/n/10.95 for-est for re-gres-sion to pre-dict
 []


Underfull \hbox (badness 10000) in paragraph at lines 378--379
\OT1/ptm/m/n/10.95 com-pre-hen-si-ble sup-
 []


Underfull \hbox (badness 2443) in paragraph at lines 378--379
\OT1/ptm/m/n/10.95 port vec-tor ma-chine:
 []


Underfull \hbox (badness 8113) in paragraph at lines 378--379
\OT1/ptm/m/n/10.95 An an-a-lyt-i-cal CRM
 []


Underfull \hbox (badness 5403) in paragraph at lines 380--381
[]|\OT1/ptm/m/n/10.95 The pa-per dis-cusses
 []


Underfull \hbox (badness 1910) in paragraph at lines 382--385
\OT1/ptm/m/n/10.95 for-est for re-gres-sion to pre-dict
 []


Underfull \hbox (badness 2799) in paragraph at lines 392--393
[]|\OT1/ptm/m/n/10.95 Churn pre-dic-tion for
 []


Underfull \hbox (badness 1348) in paragraph at lines 392--393
\OT1/ptm/m/n/10.95 high-value play-ers in
 []


Underfull \hbox (badness 2012) in paragraph at lines 394--395
[]|\OT1/ptm/m/n/10.95 Paper presents churn
 []


Underfull \hbox (badness 2318) in paragraph at lines 394--395
\OT1/ptm/m/n/10.95 pre-dic-tion of play-ers
 []


Underfull \hbox (badness 1997) in paragraph at lines 394--395
\OT1/ptm/m/n/10.95 of so-cial games and
 []


Underfull \hbox (badness 1052) in paragraph at lines 394--395
\OT1/ptm/m/n/10.95 re-tain-ing high val-ued
 []


Underfull \hbox (badness 1231) in paragraph at lines 396--399
\OT1/ptm/m/n/10.95 of games - Di-a-mond dash and
 []


Underfull \hbox (badness 10000) in paragraph at lines 400--401
\OT1/ptm/m/n/10.95 with tuned learn-ing
 []


Underfull \hbox (badness 6876) in paragraph at lines 400--401
\OT1/ptm/m/n/10.95 re-veals that send-ing
 []


Underfull \hbox (badness 10000) in paragraph at lines 400--401
\OT1/ptm/m/n/10.95 free coins to high
 []


Overfull \hbox (40.38658pt too wide) in alignment at lines 237--404
 [] [] [] [] [] [] 
 []


Underfull \vbox (badness 10000) detected at line 404
 []

[16

] [17] [18] [19] [20])
\openout2 = `methodology.aux'.

 (./methodology.tex
\relax \fontsize {14.4}{15}\selectfont {Chapter} 3.
<figures/ICPCR.png, id=99, 602.25pt x 473.77pt>
File: figures/ICPCR.png Graphic file (type png)
 <use figures/ICPCR.png>
Package pdftex.def Info: figures/ICPCR.png used on input line 36.
(pdftex.def)             Requested size: 301.12425pt x 236.88441pt.


LaTeX Warning: `h' float specifier changed to `ht'.

[21




] <figures/dataloadprocess.png, id=104, 832.10875pt x 131.49126pt>
File: figures/dataloadprocess.png Graphic file (type png)

<use figures/dataloadprocess.png>
Package pdftex.def Info: figures/dataloadprocess.png used on input line 57.
(pdftex.def)             Requested size: 416.05336pt x 65.74545pt.


LaTeX Warning: `h' float specifier changed to `ht'.

[22 <./figures/ICPCR.png>]
<figures/olap_start_schema.jpg, id=108, 421.575pt x 299.1175pt>
File: figures/olap_start_schema.jpg Graphic file (type jpg)

<use figures/olap_start_schema.jpg>
Package pdftex.def Info: figures/olap_start_schema.jpg used on input line 72.
(pdftex.def)             Requested size: 295.10048pt x 209.38081pt.
 [23 <./figures/dataloadprocess.png> <./figures/olap_start_schema.jpg>]
Underfull \hbox (badness 10000) in paragraph at lines 88--90

 []

[24] <figures/ICPCR_pic1SystemDesign.pdf, id=115, 963.6pt x 893.3375pt>
File: figures/ICPCR_pic1SystemDesign.pdf Graphic file (type pdf)

<use figures/ICPCR_pic1SystemDesign.pdf>
Package pdftex.def Info: figures/ICPCR_pic1SystemDesign.pdf used on input line 
98.
(pdftex.def)             Requested size: 440.84743pt x 408.69109pt.
 [25 <./figures/ICPCR_pic1SystemDesign.pdf>] [26] <figures/churngantt3.png, id=
135, 1169.36874pt x 341.275pt>
File: figures/churngantt3.png Graphic file (type png)

<use figures/churngantt3.png>
Package pdftex.def Info: figures/churngantt3.png used on input line 135.
(pdftex.def)             Requested size: 711.35115pt x 284.5444pt.

Overfull \hbox (56.93777pt too wide) in paragraph at lines 135--137
 [][] 
 []


Underfull \hbox (badness 10000) in paragraph at lines 132--139

 []

[27

 <./figures/churngantt3.png>]) (./thesis.bbl
LaTeX Font Info:    Try loading font information for OT1+pcr on input line 158.


(/usr/share/texlive/texmf-dist/tex/latex/psnfss/ot1pcr.fd
File: ot1pcr.fd 2001/06/04 font definitions for OT1/pcr.
)
Underfull \hbox (badness 6725) in paragraph at lines 348--355
\OT1/pcr/m/n/10.95 reuters . com / article / us-[]reliance-[]jio-[]prime-[]idUS
KBN1722BJ$\OT1/ptm/m/n/10.95 .  (Ac-
 []

[28



]
Underfull \hbox (badness 4084) in paragraph at lines 400--407
[]\OT1/ptm/m/n/10.95 TRAI - Tele-com Reg-u-la-tory Au-thor-ity of In-dia.  (n.d
.[]).  \OT1/ptm/m/it/10.95 Tele-com Sub-scrip-tions Re-
 []


Underfull \hbox (badness 3179) in paragraph at lines 400--407
\OT1/ptm/m/it/10.95 ports | Tele-com Reg-u-la-tory Au-thor-ity of In-dia.  $\OT
1/pcr/m/n/10.95 http : / / www . trai . gov . in /
 []

) [29] (./thesis.aux (./frontstuff.aux) (./intro.aux) (./literature.aux)
(./methodology.aux)) ) 
Here is how much of TeX's memory you used:
 6334 strings out of 493029
 89553 string characters out of 6136235
 210312 words of memory out of 5000000
 9604 multiletter control sequences out of 15000+600000
 27620 words of font info for 74 fonts, out of 8000000 for 9000
 1141 hyphenation exceptions out of 8191
 37i,9n,38p,1007b,524s stack positions out of 5000i,500n,10000p,200000b,80000s
{/usr/share/texlive/texmf-dist/fonts/enc/dvips/base/8r.en
c}</usr/share/texlive/texmf-dist/fonts/type1/public/amsfonts/cm/cmmi10.pfb></us
r/share/texlive/texmf-dist/fonts/type1/public/amsfonts/cm/cmr10.pfb></usr/share
/texlive/texmf-dist/fonts/type1/public/amsfonts/cm/cmsy10.pfb></usr/share/texli
ve/texmf-dist/fonts/type1/urw/courier/ucrr8a.pfb></usr/share/texlive/texmf-dist
/fonts/type1/urw/times/utmb8a.pfb></usr/share/texlive/texmf-dist/fonts/type1/ur
w/times/utmbi8a.pfb></usr/share/texlive/texmf-dist/fonts/type1/urw/times/utmr8a
.pfb></usr/share/texlive/texmf-dist/fonts/type1/urw/times/utmri8a.pfb>
Output written on thesis.pdf (33 pages, 3168624 bytes).
PDF statistics:
 176 PDF objects out of 1000 (max. 8388607)
 108 compressed objects within 2 object streams
 0 named destinations out of 1000 (max. 500000)
 71 words of extra memory for PDF output out of 10000 (max. 10000000)

